<?xml version="1.0" encoding="UTF-8"?>
<testsuite xmlns:xsi="http://www.w3.org/2001/XMLSchema-instance" xsi:noNamespaceSchemaLocation="https://maven.apache.org/surefire/maven-surefire-plugin/xsd/surefire-test-report-3.0.xsd" version="3.0" name="br.ufrn.imd.MatriculaTest" time="0.097" tests="35" errors="0" skipped="0" failures="0">
  <properties>
[...]
</properties>
  <testcase name="deveExibirExcessaoParaNotaErrada(BigDecimal, BigDecimal, BigDecimal)[1]" classname="br.ufrn.imd.MatriculaTest" time="0.015"/>
  <testcase name="deveExibirExcessaoParaNotaErrada(BigDecimal, BigDecimal, BigDecimal)[2]" classname="br.ufrn.imd.MatriculaTest" time="0.001"/>
  <testcase name="deveExibirExcessaoParaNotaErrada(BigDecimal, BigDecimal, BigDecimal)[3]" classname="br.ufrn.imd.MatriculaTest" time="0.0"/>
  <testcase name="deveExibirExcessaoParaNotaErrada(BigDecimal, BigDecimal, BigDecimal)[4]" classname="br.ufrn.imd.MatriculaTest" time="0.0"/>
  <testcase name="deveExibirExcessaoParaNotaErrada(BigDecimal, BigDecimal, BigDecimal)[5]" classname="br.ufrn.imd.MatriculaTest" time="0.001"/>
  <testcase name="deveExibirExcessaoParaNotaErrada(BigDecimal, BigDecimal, BigDecimal)[6]" classname="br.ufrn.imd.MatriculaTest" time="0.001"/>
  <testcase name="deveExibirExcessaoParaNotaErrada(BigDecimal, BigDecimal, BigDecimal)[7]" classname="br.ufrn.imd.MatriculaTest" time="0.0"/>
  <testcase name="deveExibirExcessaoParaNotaErrada(BigDecimal, BigDecimal, BigDecimal)[8]" classname="br.ufrn.imd.MatriculaTest" time="0.0"/>
  <testcase name="deveExibirExcessaoParaNotaErrada(BigDecimal, BigDecimal, BigDecimal)[9]" classname="br.ufrn.imd.MatriculaTest" time="0.003"/>
  <testcase name="deveExibirExcessaoParaNotaErrada(BigDecimal, BigDecimal, BigDecimal)[10]" classname="br.ufrn.imd.MatriculaTest" time="0.001"/>
  <testcase name="deveExibirExcessaoParaFrequenciaErrada(int)[1]" classname="br.ufrn.imd.MatriculaTest" time="0.001"/>
  <testcase name="deveExibirExcessaoParaFrequenciaErrada(int)[2]" classname="br.ufrn.imd.MatriculaTest" time="0.0"/>
  <testcase name="deveExibirExcessaoParaFrequenciaErrada(int)[3]" classname="br.ufrn.imd.MatriculaTest" time="0.0"/>
  <testcase name="deveExibirExcessaoParaFrequenciaErrada(int)[4]" classname="br.ufrn.imd.MatriculaTest" time="0.0"/>
  <testcase name="deveExibirExcessaoParaFrequenciaErrada(int)[5]" classname="br.ufrn.imd.MatriculaTest" time="0.001"/>
  <testcase name="deveExibirExcessaoParaFrequenciaErrada(int)[6]" classname="br.ufrn.imd.MatriculaTest" time="0.0"/>
  <testcase name="deveCalcularMediaParcial(BigDecimal, BigDecimal, BigDecimal, int, StatusAprovacao)[1]" classname="br.ufrn.imd.MatriculaTest" time="0.001"/>
  <testcase name="deveCalcularMediaParcial(BigDecimal, BigDecimal, BigDecimal, int, StatusAprovacao)[2]" classname="br.ufrn.imd.MatriculaTest" time="0.001"/>
  <testcase name="deveCalcularMediaParcial(BigDecimal, BigDecimal, BigDecimal, int, StatusAprovacao)[3]" classname="br.ufrn.imd.MatriculaTest" time="0.001"/>
  <testcase name="deveCalcularMediaParcial(BigDecimal, BigDecimal, BigDecimal, int, StatusAprovacao)[4]" classname="br.ufrn.imd.MatriculaTest" time="0.001"/>
  <testcase name="deveCalcularMediaParcial(BigDecimal, BigDecimal, BigDecimal, int, StatusAprovacao)[5]" classname="br.ufrn.imd.MatriculaTest" time="0.001"/>
  <testcase name="deveCalcularMediaParcial(BigDecimal, BigDecimal, BigDecimal, int, StatusAprovacao)[6]" classname="br.ufrn.imd.MatriculaTest" time="0.001"/>
  <testcase name="deveCalcularMediaParcial(BigDecimal, BigDecimal, BigDecimal, int, StatusAprovacao)[7]" classname="br.ufrn.imd.MatriculaTest" time="0.001"/>
  <testcase name="deveCalcularMediaParcial(BigDecimal, BigDecimal, BigDecimal, int, StatusAprovacao)[8]" classname="br.ufrn.imd.MatriculaTest" time="0.001"/>
  <testcase name="deveCalcularMediaParcial(BigDecimal, BigDecimal, BigDecimal, int, StatusAprovacao)[9]" classname="br.ufrn.imd.MatriculaTest" time="0.001"/>
  <testcase name="deveCalcularMediaParcial(BigDecimal, BigDecimal, BigDecimal, int, StatusAprovacao)[10]" classname="br.ufrn.imd.MatriculaTest" time="0.001"/>
  <testcase name="deveCalcularMediaParcial(BigDecimal, BigDecimal, BigDecimal, int, StatusAprovacao)[11]" classname="br.ufrn.imd.MatriculaTest" time="0.001"/>
  <testcase name="deveCalcularMediaParcial(BigDecimal, BigDecimal, BigDecimal, int, StatusAprovacao)[12]" classname="br.ufrn.imd.MatriculaTest" time="0.001"/>
  <testcase name="deveCalcularMediaParcial(BigDecimal, BigDecimal, BigDecimal, int, StatusAprovacao)[13]" classname="br.ufrn.imd.MatriculaTest" time="0.001"/>
  <testcase name="deveCalcularMediaParcial(BigDecimal, BigDecimal, BigDecimal, int, StatusAprovacao)[14]" classname="br.ufrn.imd.MatriculaTest" time="0.001"/>
  <testcase name="deveCalcularMediaParcial(BigDecimal, BigDecimal, BigDecimal, int, StatusAprovacao)[15]" classname="br.ufrn.imd.MatriculaTest" time="0.0"/>
  <testcase name="deveCalcularMediaParcial(BigDecimal, BigDecimal, BigDecimal, int, StatusAprovacao)[16]" classname="br.ufrn.imd.MatriculaTest" time="0.001"/>
  <testcase name="deveCalcularMediaParcial(BigDecimal, BigDecimal, BigDecimal, int, StatusAprovacao)[17]" classname="br.ufrn.imd.MatriculaTest" time="0.0"/>
  <testcase name="deveCalcularMediaParcial(BigDecimal, BigDecimal, BigDecimal, int, StatusAprovacao)[18]" classname="br.ufrn.imd.MatriculaTest" time="0.0"/>
  <testcase name="deveCalcularMediaParcial(BigDecimal, BigDecimal, BigDecimal, int, StatusAprovacao)[19]" classname="br.ufrn.imd.MatriculaTest" time="0.0"/>
</testsuite>